 Events Total(no selections)   281075874
 Events Region A   1219
                   
 Events Region B   1232
 Events Region B1   1138
 Events Region B2   993
 Events Region B3   781
                   
 Events Region C   1999
 Events Region C1   1618
 Events Region C2   1208
 Events Region C3   726
                   
 Events Region D   1313
 Events Region D1   1207
 Events Region D2   1039
 Events Region D3   810
                   
 Events Passing muon selection step1   40778655
 Events Passing muon selection step2   40773497
 Events Passing muon selection step3   812784
 Events Passing muon selection step4   475212
 Events Passing muon selection step5   107192
 Events Passing muon selection step6   5521
 Events Passing muon selection step7   755
 Events Passing muon selection step8   707
 Events Passing muon selection step9   706
 Events Passing muon selection step10   654
 Events Passing muon selection step11   13
 Events Passing muon selection step12   3
