WARNING: AutoLibraryloader::enable() and AutoLibraryLoader.h are deprecated.
Use FWLiteEnabler::enable() and FWLiteEnabler.h instead
Info in <TCanvas::Print>: png file massC.png has been created
Info in <TCanvas::Print>: png file massF.png has been created
Info in <TCanvas::Print>: png file e0.png has been created
Info in <TCanvas::Print>: png file e1.png has been created
Info in <TCanvas::Print>: png file e2.png has been created
Info in <TCanvas::Print>: png file e3.png has been created
Info in <TCanvas::Print>: png file isoC.png has been created
Info in <TCanvas::Print>: png file isoF.png has been created
Info in <TCanvas::Print>: png file pt_mu0.png has been created
Info in <TCanvas::Print>: png file pt_mu1.png has been created
Info in <TCanvas::Print>: png file pt_mu2.png has been created
Info in <TCanvas::Print>: png file pt_mu3.png has been created
Info in <TCanvas::Print>: png file massC_aftTrig.png has been created
Info in <TCanvas::Print>: png file massF_aftTrig.png has been created
Info in <TCanvas::Print>: png file e0_aftTrig.png has been created
Info in <TCanvas::Print>: png file e1_aftTrig.png has been created
Info in <TCanvas::Print>: png file e2_aftTrig.png has been created
Info in <TCanvas::Print>: png file e3_aftTrig.png has been created
Info in <TCanvas::Print>: png file isoC_aftTrig.png has been created
Info in <TCanvas::Print>: png file isoF_aftTrig.png has been created
Info in <TCanvas::Print>: png file pt_mu0_aftTrig.png has been created
Info in <TCanvas::Print>: png file pt_mu1_aftTrig.png has been created
Info in <TCanvas::Print>: png file pt_mu2_aftTrig.png has been created
Info in <TCanvas::Print>: png file pt_mu3_aftTrig.png has been created
Info in <TCanvas::Print>: pdf file Iso_dim1_vs_dim2.pdf has been created
Info in <TCanvas::Print>: pdf file mass_dim1_vs_dim2.pdf has been created
