WARNING: AutoLibraryloader::enable() and AutoLibraryLoader.h are deprecated.
Use FWLiteEnabler::enable() and FWLiteEnabler.h instead
Info in <TCanvas::Print>: png file eventE.png has been created
Info in <TCanvas::Print>: png file massCE.png has been created
Info in <TCanvas::Print>: png file massFE.png has been created
Info in <TCanvas::Print>: png file e0E.png has been created
Info in <TCanvas::Print>: png file e1E.png has been created
Info in <TCanvas::Print>: png file e2E.png has been created
Info in <TCanvas::Print>: png file e3E.png has been created
Info in <TCanvas::Print>: png file isoCE.png has been created
Info in <TCanvas::Print>: png file isoFE.png has been created
Info in <TCanvas::Print>: png file pt_mu0E.png has been created
Info in <TCanvas::Print>: png file pt_mu1E.png has been created
Info in <TCanvas::Print>: png file pt_mu2E.png has been created
Info in <TCanvas::Print>: png file pt_mu3E.png has been created
Info in <TCanvas::Print>: png file massC_aftTrigE.png has been created
Info in <TCanvas::Print>: png file massF_aftTrigE.png has been created
Info in <TCanvas::Print>: png file e0_aftTrigE.png has been created
Info in <TCanvas::Print>: png file e1_aftTrigE.png has been created
Info in <TCanvas::Print>: png file e2_aftTrigE.png has been created
Info in <TCanvas::Print>: png file e3_aftTrigE.png has been created
Info in <TCanvas::Print>: png file isoC_aftTrigE.png has been created
Info in <TCanvas::Print>: png file isoF_aftTrigE.png has been created
Info in <TCanvas::Print>: png file pt_mu0_aftTrigE.png has been created
Info in <TCanvas::Print>: png file pt_mu1_aftTrigE.png has been created
Info in <TCanvas::Print>: png file pt_mu2_aftTrigE.png has been created
Info in <TCanvas::Print>: png file pt_mu3_aftTrigE.png has been created
Info in <TCanvas::Print>: pdf file Iso_dim1_vs_dim2E.pdf has been created
Info in <TCanvas::Print>: pdf file mass_dim1_vs_dim2E.pdf has been created
