WARNING: AutoLibraryloader::enable() and AutoLibraryLoader.h are deprecated.
Use FWLiteEnabler::enable() and FWLiteEnabler.h instead
Info in <TCanvas::Print>: png file eventF.png has been created
Info in <TCanvas::Print>: png file massCF.png has been created
Info in <TCanvas::Print>: png file massFF.png has been created
Info in <TCanvas::Print>: png file e0F.png has been created
Info in <TCanvas::Print>: png file e1F.png has been created
Info in <TCanvas::Print>: png file e2F.png has been created
Info in <TCanvas::Print>: png file e3F.png has been created
Info in <TCanvas::Print>: png file isoCF.png has been created
Info in <TCanvas::Print>: png file isoFF.png has been created
Info in <TCanvas::Print>: png file pt_mu0F.png has been created
Info in <TCanvas::Print>: png file pt_mu1F.png has been created
Info in <TCanvas::Print>: png file pt_mu2F.png has been created
Info in <TCanvas::Print>: png file pt_mu3F.png has been created
Info in <TCanvas::Print>: png file massC_aftTrigF.png has been created
Info in <TCanvas::Print>: png file massF_aftTrigF.png has been created
Info in <TCanvas::Print>: png file e0_aftTrigF.png has been created
Info in <TCanvas::Print>: png file e1_aftTrigF.png has been created
Info in <TCanvas::Print>: png file e2_aftTrigF.png has been created
Info in <TCanvas::Print>: png file e3_aftTrigF.png has been created
Info in <TCanvas::Print>: png file isoC_aftTrigF.png has been created
Info in <TCanvas::Print>: png file isoF_aftTrigF.png has been created
Info in <TCanvas::Print>: png file pt_mu0_aftTrigF.png has been created
Info in <TCanvas::Print>: png file pt_mu1_aftTrigF.png has been created
Info in <TCanvas::Print>: png file pt_mu2_aftTrigF.png has been created
Info in <TCanvas::Print>: png file pt_mu3_aftTrigF.png has been created
Info in <TCanvas::Print>: pdf file Iso_dim1_vs_dim2F.pdf has been created
Info in <TCanvas::Print>: pdf file mass_dim1_vs_dim2F.pdf has been created
