WARNING: AutoLibraryloader::enable() and AutoLibraryLoader.h are deprecated.
Use FWLiteEnabler::enable() and FWLiteEnabler.h instead
Info in <TCanvas::Print>: png file eventD.png has been created
Info in <TCanvas::Print>: png file massCD.png has been created
Info in <TCanvas::Print>: png file massFD.png has been created
Info in <TCanvas::Print>: png file e0D.png has been created
Info in <TCanvas::Print>: png file e1D.png has been created
Info in <TCanvas::Print>: png file e2D.png has been created
Info in <TCanvas::Print>: png file e3D.png has been created
Info in <TCanvas::Print>: png file isoCD.png has been created
Info in <TCanvas::Print>: png file isoFD.png has been created
Info in <TCanvas::Print>: png file pt_mu0D.png has been created
Info in <TCanvas::Print>: png file pt_mu1D.png has been created
Info in <TCanvas::Print>: png file pt_mu2D.png has been created
Info in <TCanvas::Print>: png file pt_mu3D.png has been created
Info in <TCanvas::Print>: png file massC_aftTrigD.png has been created
Info in <TCanvas::Print>: png file massF_aftTrigD.png has been created
Info in <TCanvas::Print>: png file e0_aftTrigD.png has been created
Info in <TCanvas::Print>: png file e1_aftTrigD.png has been created
Info in <TCanvas::Print>: png file e2_aftTrigD.png has been created
Info in <TCanvas::Print>: png file e3_aftTrigD.png has been created
Info in <TCanvas::Print>: png file isoC_aftTrigD.png has been created
Info in <TCanvas::Print>: png file isoF_aftTrigD.png has been created
Info in <TCanvas::Print>: png file pt_mu0_aftTrigD.png has been created
Info in <TCanvas::Print>: png file pt_mu1_aftTrigD.png has been created
Info in <TCanvas::Print>: png file pt_mu2_aftTrigD.png has been created
Info in <TCanvas::Print>: png file pt_mu3_aftTrigD.png has been created
Info in <TCanvas::Print>: pdf file Iso_dim1_vs_dim2D.pdf has been created
Info in <TCanvas::Print>: pdf file mass_dim1_vs_dim2D.pdf has been created
